#
# There is insufficient memory for the Java Runtime Environment to continue.
# Native memory allocation (mmap) failed to map 268435456 bytes for G1 virtual space
# Possible reasons:
#   The system is out of physical RAM or swap space
#   The process is running with CompressedOops enabled, and the Java Heap may be blocking the growth of the native heap
# Possible solutions:
#   Reduce memory load on the system
#   Increase physical memory or swap space
#   Check if swap backing store is full
#   Decrease Java heap size (-Xmx/-Xms)
#   Decrease number of Java threads
#   Decrease Java thread stack sizes (-Xss)
#   Set larger code cache with -XX:ReservedCodeCacheSize=
#   JVM is running with Zero Based Compressed Oops mode in which the Java heap is
#     placed in the first 32GB address space. The Java Heap base address is the
#     maximum limit for the native heap growth. Please use -XX:HeapBaseMinAddress
#     to set the Java Heap base and to place the Java Heap above 32GB virtual address.
# This output file may be truncated or incomplete.
#
#  Out of Memory Error (os_windows.cpp:3550), pid=20660, tid=20648
#
# JRE version:  (17.0.6+9) (build )
# Java VM: Java HotSpot(TM) 64-Bit Server VM (17.0.6+9-LTS-190, mixed mode, sharing, tiered, compressed oops, compressed class ptrs, g1 gc, windows-amd64)
# No core dump will be written. Minidumps are not enabled by default on client versions of Windows
#

---------------  S U M M A R Y ------------

Command Line: com.example.portfolio.portfolio.PortfolioApplication

Host: AMD Ryzen 5 1400 Quad-Core Processor           , 8 cores, 15G,  Windows 11 , 64 bit Build 22621 (10.0.22621.1485)
Time: Tue May  9 21:45:07 2023 Hora estándar de Argentina elapsed time: 0.024223 seconds (0d 0h 0m 0s)

---------------  T H R E A D  ---------------

Current thread (0x000001ab4e6ca1e0):  JavaThread "Unknown thread" [_thread_in_vm, id=20648, stack(0x0000000bb8a00000,0x0000000bb8b00000)]

Stack: [0x0000000bb8a00000,0x0000000bb8b00000]
Native frames: (J=compiled Java code, j=interpreted, Vv=VM code, C=native code)
V  [jvm.dll+0x6734ea]
V  [jvm.dll+0x7d18f4]
V  [jvm.dll+0x7d309e]
V  [jvm.dll+0x7d3703]
V  [jvm.dll+0x2433c5]
V  [jvm.dll+0x6703f9]
V  [jvm.dll+0x664d32]
V  [jvm.dll+0x300086]
V  [jvm.dll+0x307606]
V  [jvm.dll+0x356c1e]
V  [jvm.dll+0x356e4f]
V  [jvm.dll+0x2d72e8]
V  [jvm.dll+0x2d8254]
V  [jvm.dll+0x7a33b1]
V  [jvm.dll+0x3647f1]
V  [jvm.dll+0x782839]
V  [jvm.dll+0x3e757f]
V  [jvm.dll+0x3e9001]
C  [jli.dll+0x5297]
C  [ucrtbase.dll+0x29363]
C  [KERNEL32.DLL+0x1269d]
C  [ntdll.dll+0x5a9f8]


---------------  P R O C E S S  ---------------

Threads class SMR info:
_java_thread_list=0x00007fffb652e958, length=0, elements={
}

Java Threads: ( => current thread )

Other Threads:
  0x000001ab4e735df0 GCTaskThread "GC Thread#0" [stack: 0x0000000bb8b00000,0x0000000bb8c00000] [id=19232]
  0x000001ab4e746c30 ConcurrentGCThread "G1 Main Marker" [stack: 0x0000000bb8c00000,0x0000000bb8d00000] [id=16088]
  0x000001ab4e7477a0 ConcurrentGCThread "G1 Conc#0" [stack: 0x0000000bb8d00000,0x0000000bb8e00000] [id=12076]

[error occurred during error reporting (printing all threads), id 0xc0000005, EXCEPTION_ACCESS_VIOLATION (0xc0000005) at pc=0x00007fffb5d67f07]

VM state: not at safepoint (not fully initialized)

VM Mutex/Monitor currently owned by a thread:  ([mutex/lock_event])
[0x000001ab4e6c5650] Heap_lock - owner thread: 0x000001ab4e6ca1e0

Heap address: 0x0000000701000000, size: 4080 MB, Compressed Oops mode: Zero based, Oop shift amount: 3

CDS archive(s) mapped at: [0x0000000000000000-0x0000000000000000-0x0000000000000000), size 0, SharedBaseAddress: 0x0000000800000000, ArchiveRelocationMode: 0.
Narrow klass base: 0x0000000000000000, Narrow klass shift: 0, Narrow klass range: 0x0

GC Precious Log:
<Empty>

Heap:
 garbage-first heap   total 0K, used 0K [0x0000000701000000, 0x0000000800000000)
  region size 2048K, 0 young (0K), 0 survivors (0K)

[error occurred during error reporting (printing heap information), id 0xc0000005, EXCEPTION_ACCESS_VIOLATION (0xc0000005) at pc=0x00007fffb614c759]

GC Heap History (0 events):
No events

Deoptimization events (0 events):
No events

Classes unloaded (0 events):
No events

Classes redefined (0 events):
No events

Internal exceptions (0 events):
No events

VM Operations (0 events):
No events

Events (1 events):
Event: 0.014 Loaded shared library C:\Program Files\Java\jdk-17\bin\java.dll


Dynamic libraries:
0x00007ff6b0a10000 - 0x00007ff6b0a20000 	C:\Program Files\Java\jdk-17\bin\java.exe
0x00007ff824eb0000 - 0x00007ff8250c4000 	C:\WINDOWS\SYSTEM32\ntdll.dll
0x00007ff823b00000 - 0x00007ff823bc2000 	C:\WINDOWS\System32\KERNEL32.DLL
0x00007ff822390000 - 0x00007ff82272c000 	C:\WINDOWS\System32\KERNELBASE.dll
0x00007ff822ba0000 - 0x00007ff822cb1000 	C:\WINDOWS\System32\ucrtbase.dll
0x00007fffec600000 - 0x00007fffec61b000 	C:\Program Files\Java\jdk-17\bin\VCRUNTIME140.dll
0x00007fffeee40000 - 0x00007fffeee58000 	C:\Program Files\Java\jdk-17\bin\jli.dll
0x00007ff822cc0000 - 0x00007ff822d6e000 	C:\WINDOWS\System32\ADVAPI32.dll
0x00007ff823660000 - 0x00007ff823707000 	C:\WINDOWS\System32\msvcrt.dll
0x00007ff823280000 - 0x00007ff823324000 	C:\WINDOWS\System32\sechost.dll
0x00007ff823340000 - 0x00007ff823457000 	C:\WINDOWS\System32\RPCRT4.dll
0x00007ff824a20000 - 0x00007ff824bcb000 	C:\WINDOWS\System32\USER32.dll
0x00007ff805650000 - 0x00007ff8058de000 	C:\WINDOWS\WinSxS\amd64_microsoft.windows.common-controls_6595b64144ccf1df_6.0.22621.608_none_a9444ca7c10bb01d\COMCTL32.dll
0x00007ff822360000 - 0x00007ff822386000 	C:\WINDOWS\System32\win32u.dll
0x00007ff824bd0000 - 0x00007ff824bf9000 	C:\WINDOWS\System32\GDI32.dll
0x00007ff8227b0000 - 0x00007ff8228c3000 	C:\WINDOWS\System32\gdi32full.dll
0x00007ff822990000 - 0x00007ff822a2a000 	C:\WINDOWS\System32\msvcp_win.dll
0x00007ff8181d0000 - 0x00007ff8181da000 	C:\WINDOWS\SYSTEM32\VERSION.dll
0x00007ff823c20000 - 0x00007ff823c51000 	C:\WINDOWS\System32\IMM32.DLL
0x00007ff80ece0000 - 0x00007ff80ecec000 	C:\Program Files\Java\jdk-17\bin\vcruntime140_1.dll
0x00007fffcd5b0000 - 0x00007fffcd63e000 	C:\Program Files\Java\jdk-17\bin\msvcp140.dll
0x00007fffb5a80000 - 0x00007fffb6657000 	C:\Program Files\Java\jdk-17\bin\server\jvm.dll
0x00007ff824480000 - 0x00007ff824488000 	C:\WINDOWS\System32\PSAPI.DLL
0x00007ff80f050000 - 0x00007ff80f059000 	C:\WINDOWS\SYSTEM32\WSOCK32.dll
0x00007ff818190000 - 0x00007ff8181c4000 	C:\WINDOWS\SYSTEM32\WINMM.dll
0x00007ff822df0000 - 0x00007ff822e61000 	C:\WINDOWS\System32\WS2_32.dll
0x00007ff821340000 - 0x00007ff821358000 	C:\WINDOWS\SYSTEM32\kernel.appcore.dll
0x00007ff80d420000 - 0x00007ff80d42a000 	C:\Program Files\Java\jdk-17\bin\jimage.dll
0x00007ff81fc50000 - 0x00007ff81fe7e000 	C:\WINDOWS\SYSTEM32\DBGHELP.DLL
0x00007ff823710000 - 0x00007ff823a99000 	C:\WINDOWS\System32\combase.dll
0x00007ff822e70000 - 0x00007ff822f47000 	C:\WINDOWS\System32\OLEAUT32.dll
0x00007ff8016b0000 - 0x00007ff8016e2000 	C:\WINDOWS\SYSTEM32\dbgcore.DLL
0x00007ff822730000 - 0x00007ff8227ab000 	C:\WINDOWS\System32\bcryptPrimitives.dll
0x00007fffec590000 - 0x00007fffec5b5000 	C:\Program Files\Java\jdk-17\bin\java.dll

dbghelp: loaded successfully - version: 4.0.5 - missing functions: none
symbol engine: initialized successfully - sym options: 0x614 - pdb path: .;C:\Program Files\Java\jdk-17\bin;C:\WINDOWS\SYSTEM32;C:\WINDOWS\WinSxS\amd64_microsoft.windows.common-controls_6595b64144ccf1df_6.0.22621.608_none_a9444ca7c10bb01d;C:\Program Files\Java\jdk-17\bin\server

VM Arguments:
java_command: com.example.portfolio.portfolio.PortfolioApplication
java_class_path (initial): G:\BackEnd\portfolio\target\classes;C:\Users\agust\.m2\repository\org\springframework\boot\spring-boot-starter-data-jpa\3.0.5\spring-boot-starter-data-jpa-3.0.5.jar;C:\Users\agust\.m2\repository\org\springframework\boot\spring-boot-starter-aop\3.0.5\spring-boot-starter-aop-3.0.5.jar;C:\Users\agust\.m2\repository\org\aspectj\aspectjweaver\1.9.19\aspectjweaver-1.9.19.jar;C:\Users\agust\.m2\repository\org\springframework\boot\spring-boot-starter-jdbc\3.0.5\spring-boot-starter-jdbc-3.0.5.jar;C:\Users\agust\.m2\repository\com\zaxxer\HikariCP\5.0.1\HikariCP-5.0.1.jar;C:\Users\agust\.m2\repository\org\springframework\spring-jdbc\6.0.7\spring-jdbc-6.0.7.jar;C:\Users\agust\.m2\repository\org\hibernate\orm\hibernate-core\6.1.7.Final\hibernate-core-6.1.7.Final.jar;C:\Users\agust\.m2\repository\jakarta\persistence\jakarta.persistence-api\3.1.0\jakarta.persistence-api-3.1.0.jar;C:\Users\agust\.m2\repository\jakarta\transaction\jakarta.transaction-api\2.0.1\jakarta.transaction-api-2.0.1.jar;C:\Users\agust\.m2\repository\org\hibernate\common\hibernate-commons-annotations\6.0.6.Final\hibernate-commons-annotations-6.0.6.Final.jar;C:\Users\agust\.m2\repository\org\jboss\jandex\2.4.2.Final\jandex-2.4.2.Final.jar;C:\Users\agust\.m2\repository\net\bytebuddy\byte-buddy\1.12.23\byte-buddy-1.12.23.jar;C:\Users\agust\.m2\repository\org\glassfish\jaxb\jaxb-runtime\4.0.2\jaxb-runtime-4.0.2.jar;C:\Users\agust\.m2\repository\org\glassfish\jaxb\jaxb-core\4.0.2\jaxb-core-4.0.2.jar;C:\Users\agust\.m2\repository\org\eclipse\angus\angus-activation\2.0.0\angus-activation-2.0.0.jar;C:\Users\agust\.m2\repository\org\glassfish\jaxb\txw2\4.0.2\txw2-4.0.2.jar;C:\Users\agust\.m2\repository\com\sun\istack\istack-commons-runtime\4.1.1\istack-commons-runtime-4.1.1.jar;C:\Users\agust\.m2\repository\jakarta\inject\jakarta.inject-api\2.0.0\jakarta.inject-api-2.0.0.jar;C:\Users\agust\.m2\repository\org\antlr\antlr4-runtime\4.10.1\antlr4-runtime-4.10.1.jar;C:\Users\agust\.m2\repository
Launcher Type: SUN_STANDARD

[Global flags]
     intx CICompilerCount                          = 4                                         {product} {ergonomic}
     uint ConcGCThreads                            = 2                                         {product} {ergonomic}
     uint G1ConcRefinementThreads                  = 8                                         {product} {ergonomic}
   size_t G1HeapRegionSize                         = 2097152                                   {product} {ergonomic}
    uintx GCDrainStackTargetSize                   = 64                                        {product} {ergonomic}
   size_t InitialHeapSize                          = 268435456                                 {product} {ergonomic}
   size_t MarkStackSize                            = 4194304                                   {product} {ergonomic}
   size_t MaxHeapSize                              = 4278190080                                {product} {ergonomic}
   size_t MinHeapDeltaBytes                        = 2097152                                   {product} {ergonomic}
   size_t MinHeapSize                              = 8388608                                   {product} {ergonomic}
    uintx NonNMethodCodeHeapSize                   = 5839372                                {pd product} {ergonomic}
    uintx NonProfiledCodeHeapSize                  = 122909434                              {pd product} {ergonomic}
    uintx ProfiledCodeHeapSize                     = 122909434                              {pd product} {ergonomic}
    uintx ReservedCodeCacheSize                    = 251658240                              {pd product} {ergonomic}
     bool SegmentedCodeCache                       = true                                      {product} {ergonomic}
   size_t SoftMaxHeapSize                          = 4278190080                             {manageable} {ergonomic}
     bool UseCompressedClassPointers               = true                           {product lp64_product} {ergonomic}
     bool UseCompressedOops                        = true                           {product lp64_product} {ergonomic}
     bool UseG1GC                                  = true                                      {product} {ergonomic}
     bool UseLargePagesIndividualAllocation        = false                                  {pd product} {ergonomic}

Logging:
Log output configuration:
 #0: stdout all=warning uptime,level,tags
 #1: stderr all=off uptime,level,tags

Environment Variables:
JAVA_HOME=C:\Program Files\Java\jdk-17
PATH=C:\Program Files\Common Files\Oracle\Java\javapath;C:\Program Files (x86)\Common Files\Oracle\Java\javapath;C:\Python311\Scripts\;C:\Python311\;C:\WINDOWS\system32;C:\WINDOWS;C:\WINDOWS\System32\Wbem;C:\WINDOWS\System32\WindowsPowerShell\v1.0\;C:\WINDOWS\System32\OpenSSH\;C:\Program Files\Git\cmd;C:\ProgramData\chocolatey\bin;C:\Program Files\nodejs\;C:\Users\agust\AppData\Local\Programs\Python\Python39\Scripts\;C:\Users\agust\AppData\Local\Programs\Python\Python39\;C:\Users\agust\AppData\Local\Microsoft\WindowsApps;C:\Users\agust\AppData\Local\Programs\Microsoft VS Code\bin;C:\Users\agust\AppData\Roaming\npm;C:\xampp2\mysql\bin;
USERNAME=agust
OS=Windows_NT
PROCESSOR_IDENTIFIER=AMD64 Family 23 Model 1 Stepping 1, AuthenticAMD



---------------  S Y S T E M  ---------------

OS:
 Windows 11 , 64 bit Build 22621 (10.0.22621.1485)
OS uptime: 0 days 10:31 hours

CPU: total 8 (initial active 8) (8 cores per cpu, 2 threads per core) family 23 model 1 stepping 1 microcode 0x0, cx8, cmov, fxsr, ht, mmx, 3dnowpref, sse, sse2, sse3, ssse3, sse4a, sse4.1, sse4.2, popcnt, lzcnt, tsc, tscinvbit, avx, avx2, aes, clmul, bmi1, bmi2, adx, sha, fma, vzeroupper, clflush, clflushopt

Memory: 4k page, system-wide physical 16316M (802M free)
TotalPageFile size 30538M (AvailPageFile size 56M)
current process WorkingSet (physical memory assigned to process): 11M, peak: 11M
current process commit charge ("private bytes"): 60M, peak: 316M

vm_info: Java HotSpot(TM) 64-Bit Server VM (17.0.6+9-LTS-190) for windows-amd64 JRE (17.0.6+9-LTS-190), built on Dec  6 2022 15:53:54 by "mach5one" with MS VC++ 17.1 (VS2022)

END.
